
=== Подозрительная активность обнаружена 2025-03-22 20:48:56 ===
Процесс: launchd
PID: 1
Пользователь: root
Подключение: *:138

Процесс: launchd
PID: 1
Пользователь: root
Подключение: *:137

Процесс: configd
PID: 96
Пользователь: root
Подключение: *:*

Процесс: nesession
PID: 132
Пользователь: root
Подключение: *:*

Процесс: airportd
PID: 163
Пользователь: root
Подключение: *:*

Процесс: airportd
PID: 163
Пользователь: root
Подключение: *:*

Процесс: airportd
PID: 163
Пользователь: root
Подключение: *:*

Процесс: airportd
PID: 163
Пользователь: root
Подключение: *:*

Процесс: airportd
PID: 163
Пользователь: root
Подключение: *:*

Процесс: airportd
PID: 163
Пользователь: root
Подключение: *:*

Процесс: airportd
PID: 163
Пользователь: root
Подключение: *:*

Процесс: airportd
PID: 163
Пользователь: root
Подключение: *:*

Процесс: airportd
PID: 163
Пользователь: root
Подключение: *:*

Процесс: airportd
PID: 163
Пользователь: root
Подключение: *:*

Процесс: airportd
PID: 163
Пользователь: root
Подключение: *:*

Процесс: airportd
PID: 163
Пользователь: root
Подключение: *:*

Процесс: mdnsrespo
PID: 191
Пользователь: _mdnsresponder
Подключение: *:5353

Процесс: mdnsrespo
PID: 191
Пользователь: _mdnsresponder
Подключение: *:5353

Процесс: wifianaly
PID: 349
Пользователь: root
Подключение: *:*

Процесс: rapportd
PID: 470
Пользователь: a1
Подключение: *:59140

Процесс: rapportd
PID: 470
Пользователь: a1
Подключение: *:59140

Процесс: rapportd
PID: 470
Пользователь: a1
Подключение: [fe80:b::1052:8546:2a5d:2382]:59140->[fe80:b::1c71:7ee:e13a:7892]:50851

Процесс: rapportd
PID: 470
Пользователь: a1
Подключение: *:3722

Процесс: identitys
PID: 505
Пользователь: a1
Подключение: *:*

Процесс: identitys
PID: 505
Пользователь: a1
Подключение: *:*

Процесс: identitys
PID: 505
Пользователь: a1
Подключение: [fe80:14::41bc:b416:b1ea:3ec4]:1024->[fe80:14::5bec:4851:f509:9699]:1024

Процесс: identitys
PID: 505
Пользователь: a1
Подключение: [fe80:14::41bc:b416:b1ea:3ec4]:1032->[fe80:14::5bec:4851:f509:9699]:1025

Процесс: identitys
PID: 505
Пользователь: a1
Подключение: [fe80:14::41bc:b416:b1ea:3ec4]:1032->[fe80:14::5bec:4851:f509:9699]:1025

Процесс: sharingd
PID: 531
Пользователь: a1
Подключение: *:*

Процесс: figma_age
PID: 4307
Пользователь: a1
Подключение: 127.0.0.1:44950

Процесс: figma_age
PID: 4307
Пользователь: a1
Подключение: 127.0.0.1:44960

Процесс: netbiosd
PID: 12811
Пользователь: _netbios
Подключение: *:137

Процесс: netbiosd
PID: 12811
Пользователь: _netbios
Подключение: *:138

Процесс: wifip2pd
PID: 17780
Пользователь: root
Подключение: *:*

Процесс: wifip2pd
PID: 17780
Пользователь: root
Подключение: *:*

Процесс: wifip2pd
PID: 17780
Пользователь: root
Подключение: *:*

Процесс: postgres
PID: 18152
Пользователь: a1
Подключение: [::1]:5432

Процесс: postgres
PID: 18152
Пользователь: a1
Подключение: 127.0.0.1:5432

Процесс: postgres
PID: 18152
Пользователь: a1
Подключение: [::1]:64988->[::1]:64988

Процесс: postgres
PID: 18176
Пользователь: a1
Подключение: [::1]:64988->[::1]:64988

Процесс: postgres
PID: 18177
Пользователь: a1
Подключение: [::1]:64988->[::1]:64988

Процесс: postgres
PID: 18178
Пользователь: a1
Подключение: [::1]:64988->[::1]:64988

Процесс: postgres
PID: 18179
Пользователь: a1
Подключение: [::1]:64988->[::1]:64988

Процесс: postgres
PID: 18180
Пользователь: a1
Подключение: [::1]:64988->[::1]:64988

Процесс: postgres
PID: 18181
Пользователь: a1
Подключение: [::1]:64988->[::1]:64988

Процесс: replicato
PID: 54097
Пользователь: a1
Подключение: *:58227

Процесс: google
PID: 66300
Пользователь: a1
Подключение: 10.0.2.134:59721->34.237.73.95:443

Процесс: google
PID: 66300
Пользователь: a1
Подключение: *:5353

Процесс: google
PID: 66300
Пользователь: a1
Подключение: *:5353

Процесс: google
PID: 66300
Пользователь: a1
Подключение: *:5353

Процесс: google
PID: 66300
Пользователь: a1
Подключение: *:5353

Процесс: google
PID: 66300
Пользователь: a1
Подключение: *:5353

Процесс: google
PID: 66300
Пользователь: a1
Подключение: *:5353

Процесс: google
PID: 66300
Пользователь: a1
Подключение: *:5353

Процесс: google
PID: 66300
Пользователь: a1
Подключение: *:5353

Процесс: google
PID: 66300
Пользователь: a1
Подключение: *:5353

Процесс: google
PID: 66300
Пользователь: a1
Подключение: *:5353

Процесс: google
PID: 66300
Пользователь: a1
Подключение: 10.0.2.134:59161->142.250.27.188:5228

Процесс: google
PID: 66300
Пользователь: a1
Подключение: 10.0.2.134:59528->93.158.134.36:443

Процесс: google
PID: 66300
Пользователь: a1
Подключение: 10.0.2.134:59222->5.255.255.77:443

Процесс: google
PID: 66300
Пользователь: a1
Подключение: 10.0.2.134:59697->47.246.48.221:443

Процесс: google
PID: 66300
Пользователь: a1
Подключение: 10.0.2.134:59699->47.246.48.221:443

Процесс: google
PID: 66300
Пользователь: a1
Подключение: 10.0.2.134:59707->142.250.179.129:443

Процесс: google
PID: 66300
Пользователь: a1
Подключение: 10.0.2.134:59718->104.18.20.157:443

Процесс: google
PID: 66300
Пользователь: a1
Подключение: 10.0.2.134:59703->47.246.48.221:443

Процесс: google
PID: 66300
Пользователь: a1
Подключение: 10.0.2.134:59700->47.246.48.221:443

Процесс: google
PID: 66300
Пользователь: a1
Подключение: 10.0.2.134:59705->47.246.48.221:443

Процесс: google
PID: 66300
Пользователь: a1
Подключение: 10.0.2.134:59712->104.18.95.41:443

Процесс: neikev2pr
PID: 66698
Пользователь: a1
Подключение: 192.168.1.17:500->62.133.61.84:500

Процесс: neikev2pr
PID: 66698
Пользователь: a1
Подключение: 192.168.1.17:4500->62.133.61.84:4500

Процесс: cursor
PID: 84058
Пользователь: a1
Подключение: 10.0.2.134:59636->54.84.110.150:443

Процесс: cursor
PID: 84058
Пользователь: a1
Подключение: 10.0.2.134:59652->44.208.12.235:443

Процесс: cursor
PID: 84058
Пользователь: a1
Подключение: 10.0.2.134:59688->104.26.8.156:443

Процесс: cursor
PID: 84140
Пользователь: a1
Подключение: 10.0.2.134:60360->35.175.66.135:443

Процесс: cursor
PID: 84140
Пользователь: a1
Подключение: 10.0.2.134:60362->54.86.152.169:443

Процесс: cursor
PID: 84140
Пользователь: a1
Подключение: 10.0.2.134:59702->104.18.18.125:443

Процесс: cursor
PID: 84140
Пользователь: a1
Подключение: 10.0.2.134:59778->44.210.248.109:443

Процесс: cursor
PID: 84140
Пользователь: a1
Подключение: 10.0.2.134:59929->104.18.19.125:443

Процесс: cursor
PID: 84140
Пользователь: a1
Подключение: 10.0.2.134:59973->104.18.19.125:443

Процесс: cursor
PID: 84140
Пользователь: a1
Подключение: 10.0.2.134:59939->54.86.191.201:443


=== Подозрительная активность обнаружена 2025-03-22 20:49:06 ===
Процесс: nesession
PID: 132
Пользователь: root
Подключение: *:*

Процесс: wifianaly
PID: 349
Пользователь: root
Подключение: *:*

Процесс: replicato
PID: 54097
Пользователь: a1
Подключение: *:58227

Процесс: google
PID: 66300
Пользователь: a1
Подключение: 10.0.2.134:59721->34.237.73.95:443

Процесс: google
PID: 66300
Пользователь: a1
Подключение: *:5353

Процесс: google
PID: 66300
Пользователь: a1
Подключение: *:5353

Процесс: google
PID: 66300
Пользователь: a1
Подключение: *:5353

Процесс: google
PID: 66300
Пользователь: a1
Подключение: *:5353

Процесс: google
PID: 66300
Пользователь: a1
Подключение: *:5353

Процесс: google
PID: 66300
Пользователь: a1
Подключение: *:5353

Процесс: google
PID: 66300
Пользователь: a1
Подключение: *:5353

Процесс: google
PID: 66300
Пользователь: a1
Подключение: *:5353

Процесс: google
PID: 66300
Пользователь: a1
Подключение: *:5353

Процесс: google
PID: 66300
Пользователь: a1
Подключение: *:5353

Процесс: google
PID: 66300
Пользователь: a1
Подключение: 10.0.2.134:59161->142.250.27.188:5228

Процесс: google
PID: 66300
Пользователь: a1
Подключение: 10.0.2.134:59528->93.158.134.36:443

Процесс: google
PID: 66300
Пользователь: a1
Подключение: 10.0.2.134:59222->5.255.255.77:443

Процесс: google
PID: 66300
Пользователь: a1
Подключение: 10.0.2.134:59697->47.246.48.221:443

Процесс: google
PID: 66300
Пользователь: a1
Подключение: 10.0.2.134:59699->47.246.48.221:443

Процесс: google
PID: 66300
Пользователь: a1
Подключение: 10.0.2.134:59707->142.250.179.129:443

Процесс: google
PID: 66300
Пользователь: a1
Подключение: 10.0.2.134:59718->104.18.20.157:443

Процесс: google
PID: 66300
Пользователь: a1
Подключение: 10.0.2.134:59703->47.246.48.221:443

Процесс: google
PID: 66300
Пользователь: a1
Подключение: 10.0.2.134:59700->47.246.48.221:443

Процесс: google
PID: 66300
Пользователь: a1
Подключение: 10.0.2.134:59705->47.246.48.221:443

Процесс: google
PID: 66300
Пользователь: a1
Подключение: 10.0.2.134:59712->104.18.95.41:443


=== Подозрительная активность обнаружена 2025-03-22 20:49:07 ===
Процесс: launchd
PID: 1
Пользователь: root
Подключение: *:138

Процесс: launchd
PID: 1
Пользователь: root
Подключение: *:137

Процесс: configd
PID: 96
Пользователь: root
Подключение: *:*

Процесс: nesession
PID: 132
Пользователь: root
Подключение: *:*

Процесс: airportd
PID: 163
Пользователь: root
Подключение: *:*

Процесс: airportd
PID: 163
Пользователь: root
Подключение: *:*

Процесс: airportd
PID: 163
Пользователь: root
Подключение: *:*

Процесс: airportd
PID: 163
Пользователь: root
Подключение: *:*

Процесс: airportd
PID: 163
Пользователь: root
Подключение: *:*

Процесс: airportd
PID: 163
Пользователь: root
Подключение: *:*

Процесс: airportd
PID: 163
Пользователь: root
Подключение: *:*

Процесс: airportd
PID: 163
Пользователь: root
Подключение: *:*

Процесс: airportd
PID: 163
Пользователь: root
Подключение: *:*

Процесс: airportd
PID: 163
Пользователь: root
Подключение: *:*

Процесс: airportd
PID: 163
Пользователь: root
Подключение: *:*

Процесс: airportd
PID: 163
Пользователь: root
Подключение: *:*

Процесс: mdnsrespo
PID: 191
Пользователь: _mdnsresponder
Подключение: *:5353

Процесс: mdnsrespo
PID: 191
Пользователь: _mdnsresponder
Подключение: *:5353

Процесс: wifianaly
PID: 349
Пользователь: root
Подключение: *:*

Процесс: rapportd
PID: 470
Пользователь: a1
Подключение: *:59140

Процесс: rapportd
PID: 470
Пользователь: a1
Подключение: *:59140

Процесс: rapportd
PID: 470
Пользователь: a1
Подключение: [fe80:b::1052:8546:2a5d:2382]:59140->[fe80:b::1c71:7ee:e13a:7892]:50851

Процесс: rapportd
PID: 470
Пользователь: a1
Подключение: *:3722

Процесс: identitys
PID: 505
Пользователь: a1
Подключение: *:*

Процесс: identitys
PID: 505
Пользователь: a1
Подключение: *:*

Процесс: identitys
PID: 505
Пользователь: a1
Подключение: [fe80:14::41bc:b416:b1ea:3ec4]:1024->[fe80:14::5bec:4851:f509:9699]:1024

Процесс: identitys
PID: 505
Пользователь: a1
Подключение: [fe80:14::41bc:b416:b1ea:3ec4]:1032->[fe80:14::5bec:4851:f509:9699]:1025

Процесс: identitys
PID: 505
Пользователь: a1
Подключение: [fe80:14::41bc:b416:b1ea:3ec4]:1032->[fe80:14::5bec:4851:f509:9699]:1025

Процесс: sharingd
PID: 531
Пользователь: a1
Подключение: *:*

Процесс: figma_age
PID: 4307
Пользователь: a1
Подключение: 127.0.0.1:44950

Процесс: figma_age
PID: 4307
Пользователь: a1
Подключение: 127.0.0.1:44960

Процесс: netbiosd
PID: 12811
Пользователь: _netbios
Подключение: *:137

Процесс: netbiosd
PID: 12811
Пользователь: _netbios
Подключение: *:138

Процесс: wifip2pd
PID: 17780
Пользователь: root
Подключение: *:*

Процесс: wifip2pd
PID: 17780
Пользователь: root
Подключение: *:*

Процесс: wifip2pd
PID: 17780
Пользователь: root
Подключение: *:*

Процесс: postgres
PID: 18152
Пользователь: a1
Подключение: [::1]:5432

Процесс: postgres
PID: 18152
Пользователь: a1
Подключение: 127.0.0.1:5432

Процесс: postgres
PID: 18152
Пользователь: a1
Подключение: [::1]:64988->[::1]:64988

Процесс: postgres
PID: 18176
Пользователь: a1
Подключение: [::1]:64988->[::1]:64988

Процесс: postgres
PID: 18177
Пользователь: a1
Подключение: [::1]:64988->[::1]:64988

Процесс: postgres
PID: 18178
Пользователь: a1
Подключение: [::1]:64988->[::1]:64988

Процесс: postgres
PID: 18179
Пользователь: a1
Подключение: [::1]:64988->[::1]:64988

Процесс: postgres
PID: 18180
Пользователь: a1
Подключение: [::1]:64988->[::1]:64988

Процесс: postgres
PID: 18181
Пользователь: a1
Подключение: [::1]:64988->[::1]:64988

Процесс: replicato
PID: 54097
Пользователь: a1
Подключение: *:58227

Процесс: google
PID: 66300
Пользователь: a1
Подключение: 10.0.2.134:59721->34.237.73.95:443

Процесс: google
PID: 66300
Пользователь: a1
Подключение: *:5353

Процесс: google
PID: 66300
Пользователь: a1
Подключение: *:5353

Процесс: google
PID: 66300
Пользователь: a1
Подключение: *:5353

Процесс: google
PID: 66300
Пользователь: a1
Подключение: *:5353

Процесс: google
PID: 66300
Пользователь: a1
Подключение: *:5353

Процесс: google
PID: 66300
Пользователь: a1
Подключение: *:5353

Процесс: google
PID: 66300
Пользователь: a1
Подключение: *:5353

Процесс: google
PID: 66300
Пользователь: a1
Подключение: *:5353

Процесс: google
PID: 66300
Пользователь: a1
Подключение: *:5353

Процесс: google
PID: 66300
Пользователь: a1
Подключение: *:5353

Процесс: google
PID: 66300
Пользователь: a1
Подключение: 10.0.2.134:59161->142.250.27.188:5228

Процесс: google
PID: 66300
Пользователь: a1
Подключение: 10.0.2.134:59528->93.158.134.36:443

Процесс: google
PID: 66300
Пользователь: a1
Подключение: 10.0.2.134:59222->5.255.255.77:443

Процесс: google
PID: 66300
Пользователь: a1
Подключение: 10.0.2.134:59697->47.246.48.221:443

Процесс: google
PID: 66300
Пользователь: a1
Подключение: 10.0.2.134:59699->47.246.48.221:443

Процесс: google
PID: 66300
Пользователь: a1
Подключение: 10.0.2.134:59707->142.250.179.129:443

Процесс: google
PID: 66300
Пользователь: a1
Подключение: 10.0.2.134:59718->104.18.20.157:443

Процесс: google
PID: 66300
Пользователь: a1
Подключение: 10.0.2.134:59703->47.246.48.221:443

Процесс: google
PID: 66300
Пользователь: a1
Подключение: 10.0.2.134:59700->47.246.48.221:443

Процесс: google
PID: 66300
Пользователь: a1
Подключение: 10.0.2.134:59705->47.246.48.221:443

Процесс: google
PID: 66300
Пользователь: a1
Подключение: 10.0.2.134:59712->104.18.95.41:443

Процесс: neikev2pr
PID: 66698
Пользователь: a1
Подключение: 192.168.1.17:500->62.133.61.84:500

Процесс: neikev2pr
PID: 66698
Пользователь: a1
Подключение: 192.168.1.17:4500->62.133.61.84:4500

Процесс: cursor
PID: 84058
Пользователь: a1
Подключение: 10.0.2.134:59636->54.84.110.150:443

Процесс: cursor
PID: 84058
Пользователь: a1
Подключение: 10.0.2.134:59652->44.208.12.235:443

Процесс: cursor
PID: 84058
Пользователь: a1
Подключение: 10.0.2.134:59688->104.26.8.156:443

Процесс: cursor
PID: 84140
Пользователь: a1
Подключение: 10.0.2.134:60368->20.42.65.88:443

Процесс: cursor
PID: 84140
Пользователь: a1
Подключение: 10.0.2.134:59702->104.18.18.125:443

Процесс: cursor
PID: 84140
Пользователь: a1
Подключение: 10.0.2.134:59778->44.210.248.109:443

Процесс: cursor
PID: 84140
Пользователь: a1
Подключение: 10.0.2.134:59929->104.18.19.125:443

Процесс: cursor
PID: 84140
Пользователь: a1
Подключение: 10.0.2.134:59973->104.18.19.125:443

Процесс: cursor
PID: 84140
Пользователь: a1
Подключение: 10.0.2.134:59939->54.86.191.201:443

